#-----------------------------------------------------------
# Webtalk v2019.2 (64-bit)
# SW Build 2708876 on Wed Nov  6 21:40:23 MST 2019
# 
# Start of session at: Sun Mar 29 18:16:03 2020
# Process ID: 4256
# Current directory: C:/hdl_projects/mipi_csi2_rx_subsystem_0_ex/workspace/webtalk
# Command line: wbtcv.exe -mode batch -source vitis_webtalk.tcl
# Log file: C:/hdl_projects/mipi_csi2_rx_subsystem_0_ex/workspace/webtalk/webtalk.log
# Journal file: C:/hdl_projects/mipi_csi2_rx_subsystem_0_ex/workspace/webtalk\webtalk.jou
#-----------------------------------------------------------
source vitis_webtalk.tcl
# webtalk_init -webtalk_dir C:\\hdl_projects\\mipi_csi2_rx_subsystem_0_ex\\workspace\\webtalk
# webtalk_register_client -client project
# webtalk_add_data -client project -key date_generated -value "2020-03-29 17:16:02" -context "software_version_and_target_device"
# webtalk_add_data -client project -key product_version -value "Vitis v2019.2" -context "software_version_and_target_device"
# webtalk_add_data -client project -key build_version -value "2019.2" -context "software_version_and_target_device"
# webtalk_add_data -client project -key os_platform -value "amd64" -context "software_version_and_target_device"
# webtalk_add_data -client project -key registration_id -value "176032993_1777485347_210642998_121" -context "software_version_and_target_device"
# webtalk_add_data -client project -key tool_flow -value "Vitis" -context "software_version_and_target_device"
# webtalk_add_data -client project -key beta -value "false" -context "software_version_and_target_device"
# webtalk_add_data -client project -key route_design -value "NA" -context "software_version_and_target_device"
# webtalk_add_data -client project -key target_family -value "NA" -context "software_version_and_target_device"
# webtalk_add_data -client project -key target_device -value "NA" -context "software_version_and_target_device"
# webtalk_add_data -client project -key target_package -value "NA" -context "software_version_and_target_device"
# webtalk_add_data -client project -key target_speed -value "NA" -context "software_version_and_target_device"
# webtalk_add_data -client project -key random_id -value "tf70ht5l72u4bk3qcu1iafadq5" -context "software_version_and_target_device"
# webtalk_add_data -client project -key project_id -value "2019.2_3" -context "software_version_and_target_device"
# webtalk_add_data -client project -key project_iteration -value "3" -context "software_version_and_target_device"
# webtalk_add_data -client project -key os_name -value "Microsoft Windows 8 or later , 64-bit" -context "user_environment"
# webtalk_add_data -client project -key os_release -value "major release  (build 9200)" -context "user_environment"
# webtalk_add_data -client project -key cpu_name -value "Intel(R) Core(TM) i9-9980HK CPU @ 2.40GHz" -context "user_environment"
# webtalk_add_data -client project -key cpu_speed -value "2400 MHz" -context "user_environment"
# webtalk_add_data -client project -key total_processors -value "1" -context "user_environment"
# webtalk_add_data -client project -key system_ram -value "34.074 GB" -context "user_environment"
# webtalk_register_client -client vitis
# webtalk_add_data -client vitis -key uid -value "1585484434213" -context "vitis\\\\platform/1585484434213"
# webtalk_add_data -client vitis -key platform_source -value "dsa" -context "vitis\\\\platform/1585484434213"
# webtalk_add_data -client vitis -key os -value "standalone" -context "vitis\\\\platform/1585484434213"
# webtalk_add_data -client vitis -key processor -value "microblaze" -context "vitis\\\\platform/1585484434213"
# webtalk_add_data -client vitis -key platform -value "NA" -context "vitis\\\\platform/1585484434213"
# webtalk_add_data -client vitis -key uid -value "NA" -context "vitis\\\\tool/1585502162181"
# webtalk_add_data -client vitis -key RecordType -value "ToolUsage" -context "vitis\\\\tool/1585502162181"
# webtalk_add_data -client vitis -key BOOTGEN_count -value "0" -context "vitis\\\\tool/1585502162181"
# webtalk_add_data -client vitis -key FLASH_count -value "0" -context "vitis\\\\tool/1585502162181"
# webtalk_add_data -client vitis -key MOVE_APP_TO_SYSTEM_count -value "0" -context "vitis\\\\tool/1585502162181"
# webtalk_add_data -client vitis -key SDX_EXPORT_count -value "0" -context "vitis\\\\tool/1585502162181"
# webtalk_add_data -client vitis -key SDX_IMPORT_count -value "0" -context "vitis\\\\tool/1585502162181"
# webtalk_add_data -client vitis -key SDX_BUILD_count -value "0" -context "vitis\\\\tool/1585502162181"
# webtalk_add_data -client vitis -key SDX_NO_OP_BUILD_count -value "1" -context "vitis\\\\tool/1585502162181"
# webtalk_add_data -client vitis -key TCF_APP_DEBUG_count -value "2" -context "vitis\\\\tool/1585502162181"
# webtalk_add_data -client vitis -key TCF_SYSTEM_DEBUG_count -value "3" -context "vitis\\\\tool/1585502162181"
# webtalk_add_data -client vitis -key GDB_DEBUG_count -value "0" -context "vitis\\\\tool/1585502162181"
# webtalk_add_data -client vitis -key QEMU_DEBUG_count -value "0" -context "vitis\\\\tool/1585502162181"
# webtalk_add_data -client vitis -key ESTIMATION_DEBUG_count -value "0" -context "vitis\\\\tool/1585502162181"
# webtalk_add_data -client vitis -key SDSOC_TRACE_count -value "0" -context "vitis\\\\tool/1585502162181"
# webtalk_add_data -client vitis -key PERFORMANCE_ANALYSIS_count -value "0" -context "vitis\\\\tool/1585502162181"
# webtalk_add_data -client vitis -key SPM_ANALYSIS_count -value "0" -context "vitis\\\\tool/1585502162181"
# webtalk_add_data -client vitis -key CROSS_TRIGGER_count -value "0" -context "vitis\\\\tool/1585502162181"
# webtalk_add_data -client vitis -key TCF_PROFILER_count -value "0" -context "vitis\\\\tool/1585502162181"
# webtalk_add_data -client vitis -key APPLICATION_PLATFORM_CHANGE_count -value "1" -context "vitis\\\\tool/1585502162181"
# webtalk_add_data -client vitis -key APPLICATION_SYS_CONFIG_CHANGE_count -value "0" -context "vitis\\\\tool/1585502162181"
# webtalk_add_data -client vitis -key SYSTEM_PLATFORM_CHANGE_count -value "0" -context "vitis\\\\tool/1585502162181"
# webtalk_transmit -clientid 695806787 -regid "176032993_1777485347_210642998_121" -xml C:\\hdl_projects\\mipi_csi2_rx_subsystem_0_ex\\workspace\\webtalk\\usage_statistics_ext_vitis.xml -html C:\\hdl_projects\\mipi_csi2_rx_subsystem_0_ex\\workspace\\webtalk\\usage_statistics_ext_vitis.html -wdm C:\\hdl_projects\\mipi_csi2_rx_subsystem_0_ex\\workspace\\webtalk\\vitis_webtalk.wdm -intro "<H3>Vitis Usage Report</H3><BR>"
# webtalk_terminate
INFO: [Common 17-206] Exiting Webtalk at Sun Mar 29 18:16:07 2020...
